13:28:56 **** Incremental Build of configuration Debug for project webederping ****
make all 
Building file: ../src/webederping.cpp
Invoking: GCC C++ Compiler
g++ -O0 -g3 -Wall -c -fmessage-length=0 -MMD -MP -MF"src/webederping.d" -MT"src/webederping.d" -o "src/webederping.o" "../src/webederping.cpp"
../src/webederping.cpp:16:7: warning: unused variable 'y' [-Wunused-variable]
        int *y;
             ^
../src/webederping.cpp:19:4: warning: unused variable 'hello' [-Wunused-variable]
        x hello;
          ^
../src/webederping.cpp:18:4: warning: unused variable 'lol' [-Wunused-variable]
        x lol;
          ^
3 warnings generated.
Finished building: ../src/webederping.cpp
 
Building target: webederping
Invoking: MacOS X C++ Linker
g++  -o "webederping"  ./src/webederping.o   
Finished building target: webederping
 

13:28:56 Build Finished (took 620ms)

