Exception at PC 0x00007FFFF5403FB8
Exception at PC 0x00007FFFF5403FB8
Exception at PC 0x00007FFFF5403FB8
Exception at PC 0x00007FFFF5403FB8
Exception at PC 0x00007FFF997BE132
Attemped to write at address 0x00007FFFD44D4AA4
Printing stacktrace...

[0]  [0x00007FFF997BE132]
[1]  [0x00007FFF997BE132]
[2]  [0x00007FFF997BE194]
[3]  [0x00007FFF9940D0D7]
[4]  [0x00007FFF992F2BCA]
[5]  [0x00007FFF992F2FD1]
[6]  [0x00007FFF997BEB2F]
[7]  [0x00007FFF9967C19D]
[8]  [0x00007FFF99675942]
[9]  [0x00007FFF99675AB5]
[10] (RtlDeactivateActivationContextUnsafeFast+0x1b3) [0x00007FFFF8D11473]
[11] (LdrShutdownProcess+0x125) [0x00007FFFF8D40695]
[12] (RtlExitUserProcess+0xb4) [0x00007FFFF8D40554]
[13] (ExitProcess+0xa) [0x00007FFFF636F06A]
[14] (exit+0x75) [0x00007FFFF6789B25]
[15] (initterm_e+0x21d) [0x00007FFFF678A16D]
[16]  [0x00000000004014CD]
[17]  [0x000000000040151B]
[18] (BaseThreadInitThunk+0x14) [0x00007FFFF6371FE4]
[19] (RtlUserThreadStart+0x21) [0x00007FFFF8D6EF91]
Done
